The system is: Linux - 4.19.128-microsoft-standard - x86_64
Compiling the C compiler identification source file "CMakeCCompilerId.c" succeeded.
Compiler: /usr/bin/cc 
Build flags: 
Id flags:  

The output was:
0


Compilation of the C compiler identification source "CMakeCCompilerId.c" produced "a.out"

The C compiler identification is GNU, found in "/mnt/c/Users/walter/CLionProjects/fileio/cmake-build-debug/CMakeFiles/3.16.3/CompilerIdC/a.out"

Determining if the C compiler works passed with the following output:
Change Dir: /mnt/c/Users/walter/CLionProjects/fileio/cmake-build-debug/CMakeFiles/CMakeTmp

Run Build Command(s):/usr/bin/make cmTC_bac74/fast && make: Warning: File 'Makefile' has modification time 1.7 s in the future
/usr/bin/make -f CMakeFiles/cmTC_bac74.dir/build.make CMakeFiles/cmTC_bac74.dir/build
make[1]: Entering directory '/mnt/c/Users/walter/CLionProjects/fileio/cmake-build-debug/CMakeFiles/CMakeTmp'
make[1]: Warning: File 'CMakeFiles/cmTC_bac74.dir/flags.make' has modification time 1.6 s in the future
Building C object CMakeFiles/cmTC_bac74.dir/testCCompiler.c.o
/usr/bin/cc    -o CMakeFiles/cmTC_bac74.dir/testCCompiler.c.o   -c /mnt/c/Users/walter/CLionProjects/fileio/cmake-build-debug/CMakeFiles/CMakeTmp/testCCompiler.c
Linking C executable cmTC_bac74
/usr/bin/cmake -E cmake_link_script CMakeFiles/cmTC_bac74.dir/link.txt --verbose=1
/usr/bin/cc      CMakeFiles/cmTC_bac74.dir/testCCompiler.c.o  -o cmTC_bac74 
make[1]: warning:  Clock skew detected.  Your build may be incomplete.
make[1]: Leaving directory '/mnt/c/Users/walter/CLionProjects/fileio/cmake-build-debug/CMakeFiles/CMakeTmp'
make: warning:  Clock skew detected.  Your build may be incomplete.



